{"/Users/LBORDA2/Documents/Proyecto/approval-flow-mngr/src/data-source.ts": {"path":"/Users/LBORDA2/Documents/Proyecto/approval-flow-mngr/src/data-source.ts","statementMap":{"0":{"start":{"line":1,"column":0},"end":{"line":1,"column":26}},"1":{"start":{"line":2,"column":0},"end":{"line":2,"column":37}},"2":{"start":{"line":3,"column":0},"end":{"line":3,"column":44}},"3":{"start":{"line":4,"column":0},"end":{"line":4,"column":50}},"4":{"start":{"line":5,"column":0},"end":{"line":5,"column":50}},"5":{"start":{"line":7,"column":13},"end":{"line":17,"column":3}}},"fnMap":{},"branchMap":{},"s":{"0":3,"1":3,"2":3,"3":3,"4":3,"5":3},"f":{},"b":{}}
,"/Users/LBORDA2/Documents/Proyecto/approval-flow-mngr/src/controllers/Request.controller.ts": {"path":"/Users/LBORDA2/Documents/Proyecto/approval-flow-mngr/src/controllers/Request.controller.ts","statementMap":{"0":{"start":{"line":2,"column":0},"end":{"line":2,"column":61}},"1":{"start":{"line":4,"column":16},"end":{"line":4,"column":36}},"2":{"start":{"line":8,"column":4},"end":{"line":13,"column":5}},"3":{"start":{"line":9,"column":25},"end":{"line":9,"column":55}},"4":{"start":{"line":10,"column":6},"end":{"line":10,"column":39}},"5":{"start":{"line":12,"column":6},"end":{"line":12,"column":62}},"6":{"start":{"line":17,"column":4},"end":{"line":25,"column":5}},"7":{"start":{"line":18,"column":87},"end":{"line":18,"column":95}},"8":{"start":{"line":19,"column":22},"end":{"line":19,"column":73}},"9":{"start":{"line":20,"column":23},"end":{"line":20,"column":95}},"10":{"start":{"line":21,"column":6},"end":{"line":21,"column":25}},"11":{"start":{"line":23,"column":6},"end":{"line":23,"column":55}},"12":{"start":{"line":24,"column":6},"end":{"line":24,"column":76}},"13":{"start":{"line":29,"column":20},"end":{"line":29,"column":57}},"14":{"start":{"line":30,"column":4},"end":{"line":30,"column":70}},"15":{"start":{"line":30,"column":18},"end":{"line":30,"column":70}},"16":{"start":{"line":31,"column":4},"end":{"line":31,"column":22}},"17":{"start":{"line":35,"column":4},"end":{"line":45,"column":5}},"18":{"start":{"line":36,"column":22},"end":{"line":40,"column":null}},"19":{"start":{"line":42,"column":6},"end":{"line":42,"column":24}},"20":{"start":{"line":44,"column":6},"end":{"line":44,"column":62}},"21":{"start":{"line":49,"column":4},"end":{"line":58,"column":5}},"22":{"start":{"line":50,"column":22},"end":{"line":53,"column":null}},"23":{"start":{"line":55,"column":6},"end":{"line":55,"column":24}},"24":{"start":{"line":57,"column":6},"end":{"line":57,"column":62}},"25":{"start":{"line":6,"column":0},"end":{"line":6,"column":13}}},"fnMap":{"0":{"name":"(anonymous_0)","decl":{"start":{"line":7,"column":2},"end":{"line":7,"column":8}},"loc":{"start":{"line":7,"column":49},"end":{"line":14,"column":3}}},"1":{"name":"(anonymous_1)","decl":{"start":{"line":16,"column":2},"end":{"line":16,"column":8}},"loc":{"start":{"line":16,"column":49},"end":{"line":26,"column":3}}},"2":{"name":"(anonymous_2)","decl":{"start":{"line":28,"column":2},"end":{"line":28,"column":8}},"loc":{"start":{"line":28,"column":50},"end":{"line":32,"column":3}}},"3":{"name":"(anonymous_3)","decl":{"start":{"line":34,"column":2},"end":{"line":34,"column":8}},"loc":{"start":{"line":34,"column":55},"end":{"line":46,"column":3}}},"4":{"name":"(anonymous_4)","decl":{"start":{"line":48,"column":2},"end":{"line":48,"column":8}},"loc":{"start":{"line":48,"column":49},"end":{"line":59,"column":3}}}},"branchMap":{"0":{"loc":{"start":{"line":18,"column":28},"end":{"line":18,"column":36}},"type":"default-arg","locations":[{"start":{"line":18,"column":35},"end":{"line":18,"column":36}}]},"1":{"loc":{"start":{"line":18,"column":38},"end":{"line":18,"column":47}},"type":"default-arg","locations":[{"start":{"line":18,"column":46},"end":{"line":18,"column":47}}]},"2":{"loc":{"start":{"line":30,"column":4},"end":{"line":30,"column":70}},"type":"if","locations":[{"start":{"line":30,"column":4},"end":{"line":30,"column":70}},{"start":{},"end":{}}]}},"s":{"0":1,"1":1,"2":2,"3":2,"4":1,"5":1,"6":2,"7":2,"8":2,"9":2,"10":1,"11":1,"12":1,"13":2,"14":2,"15":1,"16":1,"17":2,"18":2,"19":1,"20":1,"21":2,"22":2,"23":1,"24":1,"25":1},"f":{"0":2,"1":2,"2":2,"3":2,"4":2},"b":{"0":[1],"1":[1],"2":[1,1]}}
,"/Users/LBORDA2/Documents/Proyecto/approval-flow-mngr/src/controllers/User.controller.ts": {"path":"/Users/LBORDA2/Documents/Proyecto/approval-flow-mngr/src/controllers/User.controller.ts","statementMap":{"0":{"start":{"line":2,"column":0},"end":{"line":2,"column":55}},"1":{"start":{"line":4,"column":16},"end":{"line":4,"column":33}},"2":{"start":{"line":8,"column":4},"end":{"line":13,"column":5}},"3":{"start":{"line":9,"column":19},"end":{"line":9,"column":49}},"4":{"start":{"line":10,"column":6},"end":{"line":10,"column":33}},"5":{"start":{"line":12,"column":6},"end":{"line":12,"column":62}},"6":{"start":{"line":17,"column":17},"end":{"line":17,"column":54}},"7":{"start":{"line":18,"column":4},"end":{"line":18,"column":72}},"8":{"start":{"line":18,"column":15},"end":{"line":18,"column":72}},"9":{"start":{"line":19,"column":4},"end":{"line":19,"column":19}},"10":{"start":{"line":23,"column":35},"end":{"line":23,"column":43}},"11":{"start":{"line":24,"column":4},"end":{"line":36,"column":5}},"12":{"start":{"line":25,"column":19},"end":{"line":25,"column":65}},"13":{"start":{"line":26,"column":6},"end":{"line":28,"column":7}},"14":{"start":{"line":27,"column":8},"end":{"line":27,"column":73}},"15":{"start":{"line":29,"column":6},"end":{"line":33,"column":9}},"16":{"start":{"line":35,"column":6},"end":{"line":35,"column":62}},"17":{"start":{"line":40,"column":4},"end":{"line":45,"column":5}},"18":{"start":{"line":41,"column":24},"end":{"line":41,"column":53}},"19":{"start":{"line":42,"column":6},"end":{"line":42,"column":26}},"20":{"start":{"line":44,"column":6},"end":{"line":44,"column":62}},"21":{"start":{"line":6,"column":0},"end":{"line":6,"column":13}}},"fnMap":{"0":{"name":"(anonymous_0)","decl":{"start":{"line":7,"column":2},"end":{"line":7,"column":8}},"loc":{"start":{"line":7,"column":49},"end":{"line":14,"column":3}}},"1":{"name":"(anonymous_1)","decl":{"start":{"line":16,"column":2},"end":{"line":16,"column":8}},"loc":{"start":{"line":16,"column":50},"end":{"line":20,"column":3}}},"2":{"name":"(anonymous_2)","decl":{"start":{"line":22,"column":2},"end":{"line":22,"column":8}},"loc":{"start":{"line":22,"column":48},"end":{"line":37,"column":3}}},"3":{"name":"(anonymous_3)","decl":{"start":{"line":39,"column":2},"end":{"line":39,"column":8}},"loc":{"start":{"line":39,"column":55},"end":{"line":46,"column":3}}}},"branchMap":{"0":{"loc":{"start":{"line":18,"column":4},"end":{"line":18,"column":72}},"type":"if","locations":[{"start":{"line":18,"column":4},"end":{"line":18,"column":72}},{"start":{},"end":{}}]},"1":{"loc":{"start":{"line":26,"column":6},"end":{"line":28,"column":7}},"type":"if","locations":[{"start":{"line":26,"column":6},"end":{"line":28,"column":7}},{"start":{},"end":{}}]}},"s":{"0":1,"1":1,"2":2,"3":2,"4":1,"5":1,"6":2,"7":2,"8":1,"9":1,"10":3,"11":3,"12":3,"13":2,"14":1,"15":1,"16":1,"17":2,"18":2,"19":1,"20":1,"21":1},"f":{"0":2,"1":2,"2":3,"3":2},"b":{"0":[1,1],"1":[1,1]}}
,"/Users/LBORDA2/Documents/Proyecto/approval-flow-mngr/src/entity/History.entity.ts": {"path":"/Users/LBORDA2/Documents/Proyecto/approval-flow-mngr/src/entity/History.entity.ts","statementMap":{"0":{"start":{"line":1,"column":0},"end":{"line":1,"column":106}},"1":{"start":{"line":2,"column":0},"end":{"line":2,"column":43}},"2":{"start":{"line":3,"column":0},"end":{"line":3,"column":37}},"3":{"start":{"line":6,"column":7},"end":{"line":26,"column":null}},"4":{"start":{"line":6,"column":13},"end":{"line":6,"column":20}},"5":{"start":{"line":8,"column":2},"end":{"line":8,"column":null}},"6":{"start":{"line":11,"column":2},"end":{"line":11,"column":null}},"7":{"start":{"line":14,"column":2},"end":{"line":14,"column":null}},"8":{"start":{"line":18,"column":2},"end":{"line":18,"column":null}},"9":{"start":{"line":16,"column":19},"end":{"line":16,"column":23}},"10":{"start":{"line":21,"column":2},"end":{"line":21,"column":null}},"11":{"start":{"line":25,"column":2},"end":{"line":25,"column":null}},"12":{"start":{"line":23,"column":19},"end":{"line":23,"column":26}},"13":{"start":{"line":23,"column":39},"end":{"line":23,"column":54}},"14":{"start":{"line":6,"column":13},"end":{"line":26,"column":null}}},"fnMap":{"0":{"name":"(anonymous_2)","decl":{"start":{"line":16,"column":13},"end":{"line":16,"column":16}},"loc":{"start":{"line":16,"column":19},"end":{"line":16,"column":23}}},"1":{"name":"(anonymous_3)","decl":{"start":{"line":23,"column":13},"end":{"line":23,"column":16}},"loc":{"start":{"line":23,"column":19},"end":{"line":23,"column":26}}},"2":{"name":"(anonymous_4)","decl":{"start":{"line":23,"column":28},"end":{"line":23,"column":35}},"loc":{"start":{"line":23,"column":39},"end":{"line":23,"column":54}}}},"branchMap":{},"s":{"0":5,"1":5,"2":5,"3":5,"4":5,"5":5,"6":5,"7":5,"8":5,"9":0,"10":5,"11":5,"12":0,"13":0,"14":5},"f":{"0":0,"1":0,"2":0},"b":{}}
,"/Users/LBORDA2/Documents/Proyecto/approval-flow-mngr/src/entity/Request.entity.ts": {"path":"/Users/LBORDA2/Documents/Proyecto/approval-flow-mngr/src/entity/Request.entity.ts","statementMap":{"0":{"start":{"line":1,"column":0},"end":{"line":1,"column":105}},"1":{"start":{"line":2,"column":0},"end":{"line":2,"column":43}},"2":{"start":{"line":3,"column":0},"end":{"line":3,"column":37}},"3":{"start":{"line":6,"column":7},"end":{"line":33,"column":null}},"4":{"start":{"line":6,"column":13},"end":{"line":6,"column":20}},"5":{"start":{"line":8,"column":2},"end":{"line":8,"column":null}},"6":{"start":{"line":11,"column":2},"end":{"line":11,"column":null}},"7":{"start":{"line":14,"column":2},"end":{"line":14,"column":null}},"8":{"start":{"line":17,"column":2},"end":{"line":17,"column":null}},"9":{"start":{"line":16,"column":19},"end":{"line":16,"column":23}},"10":{"start":{"line":16,"column":33},"end":{"line":16,"column":53}},"11":{"start":{"line":20,"column":2},"end":{"line":20,"column":null}},"12":{"start":{"line":19,"column":19},"end":{"line":19,"column":23}},"13":{"start":{"line":19,"column":33},"end":{"line":19,"column":55}},"14":{"start":{"line":23,"column":2},"end":{"line":23,"column":null}},"15":{"start":{"line":26,"column":2},"end":{"line":26,"column":null}},"16":{"start":{"line":29,"column":2},"end":{"line":29,"column":null}},"17":{"start":{"line":32,"column":2},"end":{"line":32,"column":null}},"18":{"start":{"line":31,"column":19},"end":{"line":31,"column":26}},"19":{"start":{"line":31,"column":39},"end":{"line":31,"column":54}},"20":{"start":{"line":6,"column":13},"end":{"line":33,"column":null}}},"fnMap":{"0":{"name":"(anonymous_2)","decl":{"start":{"line":16,"column":13},"end":{"line":16,"column":16}},"loc":{"start":{"line":16,"column":19},"end":{"line":16,"column":23}}},"1":{"name":"(anonymous_3)","decl":{"start":{"line":16,"column":25},"end":{"line":16,"column":29}},"loc":{"start":{"line":16,"column":33},"end":{"line":16,"column":53}}},"2":{"name":"(anonymous_4)","decl":{"start":{"line":19,"column":13},"end":{"line":19,"column":16}},"loc":{"start":{"line":19,"column":19},"end":{"line":19,"column":23}}},"3":{"name":"(anonymous_5)","decl":{"start":{"line":19,"column":25},"end":{"line":19,"column":29}},"loc":{"start":{"line":19,"column":33},"end":{"line":19,"column":55}}},"4":{"name":"(anonymous_6)","decl":{"start":{"line":31,"column":13},"end":{"line":31,"column":16}},"loc":{"start":{"line":31,"column":19},"end":{"line":31,"column":26}}},"5":{"name":"(anonymous_7)","decl":{"start":{"line":31,"column":28},"end":{"line":31,"column":35}},"loc":{"start":{"line":31,"column":39},"end":{"line":31,"column":54}}}},"branchMap":{},"s":{"0":5,"1":5,"2":5,"3":5,"4":5,"5":5,"6":5,"7":5,"8":5,"9":0,"10":0,"11":5,"12":0,"13":0,"14":5,"15":5,"16":5,"17":5,"18":0,"19":0,"20":5},"f":{"0":0,"1":0,"2":0,"3":0,"4":0,"5":0},"b":{}}
,"/Users/LBORDA2/Documents/Proyecto/approval-flow-mngr/src/entity/User.entity.ts": {"path":"/Users/LBORDA2/Documents/Proyecto/approval-flow-mngr/src/entity/User.entity.ts","statementMap":{"0":{"start":{"line":1,"column":0},"end":{"line":1,"column":94}},"1":{"start":{"line":2,"column":0},"end":{"line":2,"column":43}},"2":{"start":{"line":4,"column":0},"end":{"line":4,"column":null}},"3":{"start":{"line":5,"column":2},"end":{"line":5,"column":null}},"4":{"start":{"line":6,"column":2},"end":{"line":6,"column":null}},"5":{"start":{"line":10,"column":7},"end":{"line":35,"column":null}},"6":{"start":{"line":10,"column":13},"end":{"line":10,"column":17}},"7":{"start":{"line":12,"column":2},"end":{"line":12,"column":null}},"8":{"start":{"line":15,"column":2},"end":{"line":15,"column":null}},"9":{"start":{"line":18,"column":2},"end":{"line":18,"column":null}},"10":{"start":{"line":25,"column":2},"end":{"line":25,"column":null}},"11":{"start":{"line":28,"column":2},"end":{"line":28,"column":null}},"12":{"start":{"line":31,"column":2},"end":{"line":31,"column":null}},"13":{"start":{"line":30,"column":19},"end":{"line":30,"column":26}},"14":{"start":{"line":30,"column":41},"end":{"line":30,"column":62}},"15":{"start":{"line":34,"column":2},"end":{"line":34,"column":null}},"16":{"start":{"line":33,"column":19},"end":{"line":33,"column":26}},"17":{"start":{"line":33,"column":41},"end":{"line":33,"column":61}},"18":{"start":{"line":10,"column":13},"end":{"line":35,"column":null}}},"fnMap":{"0":{"name":"(anonymous_2)","decl":{"start":{"line":4,"column":0},"end":{"line":4,"column":12}},"loc":{"start":{"line":4,"column":20},"end":{"line":7,"column":1}}},"1":{"name":"(anonymous_3)","decl":{"start":{"line":30,"column":13},"end":{"line":30,"column":16}},"loc":{"start":{"line":30,"column":19},"end":{"line":30,"column":26}}},"2":{"name":"(anonymous_4)","decl":{"start":{"line":30,"column":28},"end":{"line":30,"column":29}},"loc":{"start":{"line":30,"column":41},"end":{"line":30,"column":62}}},"3":{"name":"(anonymous_5)","decl":{"start":{"line":33,"column":13},"end":{"line":33,"column":16}},"loc":{"start":{"line":33,"column":19},"end":{"line":33,"column":26}}},"4":{"name":"(anonymous_6)","decl":{"start":{"line":33,"column":28},"end":{"line":33,"column":29}},"loc":{"start":{"line":33,"column":41},"end":{"line":33,"column":61}}}},"branchMap":{"0":{"loc":{"start":{"line":4,"column":12},"end":{"line":4,"column":null}},"type":"binary-expr","locations":[{"start":{"line":4,"column":12},"end":{"line":4,"column":20}},{"start":{"line":4,"column":20},"end":{"line":4,"column":null}}]}},"s":{"0":5,"1":5,"2":5,"3":5,"4":5,"5":5,"6":5,"7":5,"8":5,"9":5,"10":5,"11":5,"12":5,"13":0,"14":0,"15":5,"16":0,"17":0,"18":5},"f":{"0":5,"1":0,"2":0,"3":0,"4":0},"b":{"0":[5,5]}}
,"/Users/LBORDA2/Documents/Proyecto/approval-flow-mngr/src/repository/history.repository.ts": {"path":"/Users/LBORDA2/Documents/Proyecto/approval-flow-mngr/src/repository/history.repository.ts","statementMap":{"0":{"start":{"line":1,"column":0},"end":{"line":1,"column":37}},"1":{"start":{"line":2,"column":0},"end":{"line":2,"column":47}},"2":{"start":{"line":3,"column":0},"end":{"line":3,"column":51}},"3":{"start":{"line":7,"column":4},"end":{"line":7,"column":42}},"4":{"start":{"line":9,"column":10},"end":{"line":9,"column":54}},"5":{"start":{"line":12,"column":4},"end":{"line":15,"column":7}},"6":{"start":{"line":5,"column":0},"end":{"line":5,"column":13}}},"fnMap":{"0":{"name":"(anonymous_0)","decl":{"start":{"line":6,"column":2},"end":{"line":6,"column":null}},"loc":{"start":{"line":6,"column":2},"end":{"line":8,"column":3}}},"1":{"name":"(anonymous_1)","decl":{"start":{"line":11,"column":2},"end":{"line":11,"column":7}},"loc":{"start":{"line":11,"column":41},"end":{"line":16,"column":3}}}},"branchMap":{},"s":{"0":1,"1":1,"2":1,"3":1,"4":1,"5":0,"6":1},"f":{"0":1,"1":0},"b":{}}
,"/Users/LBORDA2/Documents/Proyecto/approval-flow-mngr/src/repository/request.repository.ts": {"path":"/Users/LBORDA2/Documents/Proyecto/approval-flow-mngr/src/repository/request.repository.ts","statementMap":{"0":{"start":{"line":1,"column":0},"end":{"line":1,"column":37}},"1":{"start":{"line":2,"column":0},"end":{"line":2,"column":51}},"2":{"start":{"line":3,"column":0},"end":{"line":3,"column":47}},"3":{"start":{"line":7,"column":8},"end":{"line":7,"column":46}},"4":{"start":{"line":21,"column":8},"end":{"line":21,"column":64}},"5":{"start":{"line":23,"column":19},"end":{"line":29,"column":24}},"6":{"start":{"line":31,"column":8},"end":{"line":36,"column":9}},"7":{"start":{"line":32,"column":12},"end":{"line":35,"column":14}},"8":{"start":{"line":38,"column":8},"end":{"line":40,"column":9}},"9":{"start":{"line":39,"column":12},"end":{"line":39,"column":80}},"10":{"start":{"line":42,"column":8},"end":{"line":44,"column":9}},"11":{"start":{"line":43,"column":12},"end":{"line":43,"column":72}},"12":{"start":{"line":46,"column":8},"end":{"line":48,"column":9}},"13":{"start":{"line":47,"column":12},"end":{"line":47,"column":97}},"14":{"start":{"line":50,"column":8},"end":{"line":52,"column":9}},"15":{"start":{"line":51,"column":12},"end":{"line":51,"column":93}},"16":{"start":{"line":54,"column":8},"end":{"line":54,"column":36}},"17":{"start":{"line":5,"column":0},"end":{"line":5,"column":13}}},"fnMap":{"0":{"name":"(anonymous_0)","decl":{"start":{"line":6,"column":4},"end":{"line":6,"column":null}},"loc":{"start":{"line":6,"column":4},"end":{"line":8,"column":5}}},"1":{"name":"(anonymous_1)","decl":{"start":{"line":10,"column":4},"end":{"line":10,"column":9}},"loc":{"start":{"line":19,"column":9},"end":{"line":55,"column":5}}}},"branchMap":{"0":{"loc":{"start":{"line":31,"column":8},"end":{"line":36,"column":9}},"type":"if","locations":[{"start":{"line":31,"column":8},"end":{"line":36,"column":9}},{"start":{},"end":{}}]},"1":{"loc":{"start":{"line":38,"column":8},"end":{"line":40,"column":9}},"type":"if","locations":[{"start":{"line":38,"column":8},"end":{"line":40,"column":9}},{"start":{},"end":{}}]},"2":{"loc":{"start":{"line":42,"column":8},"end":{"line":44,"column":9}},"type":"if","locations":[{"start":{"line":42,"column":8},"end":{"line":44,"column":9}},{"start":{},"end":{}}]},"3":{"loc":{"start":{"line":46,"column":8},"end":{"line":48,"column":9}},"type":"if","locations":[{"start":{"line":46,"column":8},"end":{"line":48,"column":9}},{"start":{},"end":{}}]},"4":{"loc":{"start":{"line":50,"column":8},"end":{"line":52,"column":9}},"type":"if","locations":[{"start":{"line":50,"column":8},"end":{"line":52,"column":9}},{"start":{},"end":{}}]}},"s":{"0":2,"1":2,"2":2,"3":8,"4":7,"5":7,"6":7,"7":2,"8":7,"9":2,"10":7,"11":2,"12":7,"13":2,"14":7,"15":2,"16":7,"17":2},"f":{"0":8,"1":7},"b":{"0":[2,5],"1":[2,5],"2":[2,5],"3":[2,5],"4":[2,5]}}
,"/Users/LBORDA2/Documents/Proyecto/approval-flow-mngr/src/services/Request.service.ts": {"path":"/Users/LBORDA2/Documents/Proyecto/approval-flow-mngr/src/services/Request.service.ts","statementMap":{"0":{"start":{"line":1,"column":0},"end":{"line":1,"column":47}},"1":{"start":{"line":3,"column":0},"end":{"line":3,"column":45}},"2":{"start":{"line":4,"column":0},"end":{"line":4,"column":69}},"3":{"start":{"line":5,"column":0},"end":{"line":5,"column":69}},"4":{"start":{"line":8,"column":12},"end":{"line":8,"column":50}},"5":{"start":{"line":9,"column":12},"end":{"line":9,"column":50}},"6":{"start":{"line":12,"column":27},"end":{"line":12,"column":56}},"7":{"start":{"line":13,"column":8},"end":{"line":13,"column":48}},"8":{"start":{"line":14,"column":26},"end":{"line":14,"column":107}},"9":{"start":{"line":16,"column":8},"end":{"line":16,"column":58}},"10":{"start":{"line":16,"column":24},"end":{"line":16,"column":58}},"11":{"start":{"line":17,"column":22},"end":{"line":21,"column":10}},"12":{"start":{"line":23,"column":8},"end":{"line":23,"column":43}},"13":{"start":{"line":24,"column":8},"end":{"line":24,"column":26}},"14":{"start":{"line":28,"column":8},"end":{"line":29,"column":77}},"15":{"start":{"line":28,"column":41},"end":{"line":28,"column":75}},"16":{"start":{"line":29,"column":13},"end":{"line":29,"column":77}},"17":{"start":{"line":29,"column":44},"end":{"line":29,"column":77}},"18":{"start":{"line":30,"column":30},"end":{"line":30,"column":90}},"19":{"start":{"line":32,"column":8},"end":{"line":38,"column":10}},"20":{"start":{"line":42,"column":8},"end":{"line":45,"column":11}},"21":{"start":{"line":49,"column":24},"end":{"line":49,"column":64}},"22":{"start":{"line":50,"column":8},"end":{"line":50,"column":59}},"23":{"start":{"line":50,"column":22},"end":{"line":50,"column":59}},"24":{"start":{"line":51,"column":8},"end":{"line":51,"column":32}},"25":{"start":{"line":53,"column":8},"end":{"line":53,"column":45}},"26":{"start":{"line":54,"column":21},"end":{"line":54,"column":86}},"27":{"start":{"line":55,"column":8},"end":{"line":55,"column":41}},"28":{"start":{"line":57,"column":8},"end":{"line":57,"column":53}},"29":{"start":{"line":57,"column":19},"end":{"line":57,"column":53}},"30":{"start":{"line":58,"column":22},"end":{"line":63,"column":10}},"31":{"start":{"line":64,"column":8},"end":{"line":64,"column":43}},"32":{"start":{"line":65,"column":8},"end":{"line":65,"column":23}},"33":{"start":{"line":69,"column":24},"end":{"line":69,"column":64}},"34":{"start":{"line":70,"column":8},"end":{"line":70,"column":59}},"35":{"start":{"line":70,"column":22},"end":{"line":70,"column":59}},"36":{"start":{"line":71,"column":8},"end":{"line":73,"column":9}},"37":{"start":{"line":72,"column":12},"end":{"line":72,"column":79}},"38":{"start":{"line":75,"column":8},"end":{"line":75,"column":52}},"39":{"start":{"line":76,"column":8},"end":{"line":76,"column":70}},"40":{"start":{"line":77,"column":8},"end":{"line":77,"column":49}},"41":{"start":{"line":79,"column":8},"end":{"line":83,"column":9}},"42":{"start":{"line":80,"column":29},"end":{"line":80,"column":108}},"43":{"start":{"line":81,"column":12},"end":{"line":81,"column":70}},"44":{"start":{"line":81,"column":27},"end":{"line":81,"column":70}},"45":{"start":{"line":82,"column":12},"end":{"line":82,"column":44}},"46":{"start":{"line":85,"column":8},"end":{"line":85,"column":37}},"47":{"start":{"line":86,"column":8},"end":{"line":86,"column":45}},"48":{"start":{"line":88,"column":21},"end":{"line":88,"column":86}},"49":{"start":{"line":89,"column":8},"end":{"line":89,"column":53}},"50":{"start":{"line":89,"column":19},"end":{"line":89,"column":53}},"51":{"start":{"line":90,"column":22},"end":{"line":94,"column":10}},"52":{"start":{"line":95,"column":8},"end":{"line":95,"column":43}},"53":{"start":{"line":96,"column":8},"end":{"line":96,"column":23}},"54":{"start":{"line":7,"column":0},"end":{"line":7,"column":13}}},"fnMap":{"0":{"name":"(anonymous_0)","decl":{"start":{"line":7,"column":0},"end":{"line":7,"column":13}},"loc":{"start":{"line":7,"column":0},"end":{"line":98,"column":1}}},"1":{"name":"(anonymous_1)","decl":{"start":{"line":11,"column":4},"end":{"line":11,"column":9}},"loc":{"start":{"line":11,"column":39},"end":{"line":25,"column":5}}},"2":{"name":"(anonymous_2)","decl":{"start":{"line":27,"column":4},"end":{"line":27,"column":9}},"loc":{"start":{"line":27,"column":79},"end":{"line":39,"column":5}}},"3":{"name":"(anonymous_3)","decl":{"start":{"line":41,"column":4},"end":{"line":41,"column":9}},"loc":{"start":{"line":41,"column":29},"end":{"line":46,"column":5}}},"4":{"name":"(anonymous_4)","decl":{"start":{"line":48,"column":4},"end":{"line":48,"column":9}},"loc":{"start":{"line":48,"column":83},"end":{"line":66,"column":5}}},"5":{"name":"(anonymous_5)","decl":{"start":{"line":68,"column":4},"end":{"line":68,"column":9}},"loc":{"start":{"line":68,"column":67},"end":{"line":97,"column":5}}}},"branchMap":{"0":{"loc":{"start":{"line":16,"column":8},"end":{"line":16,"column":58}},"type":"if","locations":[{"start":{"line":16,"column":8},"end":{"line":16,"column":58}},{"start":{},"end":{}}]},"1":{"loc":{"start":{"line":27,"column":29},"end":{"line":27,"column":45}},"type":"default-arg","locations":[{"start":{"line":27,"column":44},"end":{"line":27,"column":45}}]},"2":{"loc":{"start":{"line":27,"column":47},"end":{"line":27,"column":64}},"type":"default-arg","locations":[{"start":{"line":27,"column":63},"end":{"line":27,"column":64}}]},"3":{"loc":{"start":{"line":28,"column":8},"end":{"line":29,"column":77}},"type":"if","locations":[{"start":{"line":28,"column":8},"end":{"line":29,"column":77}},{"start":{"line":29,"column":13},"end":{"line":29,"column":77}}]},"4":{"loc":{"start":{"line":29,"column":13},"end":{"line":29,"column":77}},"type":"if","locations":[{"start":{"line":29,"column":13},"end":{"line":29,"column":77}},{"start":{},"end":{}}]},"5":{"loc":{"start":{"line":50,"column":8},"end":{"line":50,"column":59}},"type":"if","locations":[{"start":{"line":50,"column":8},"end":{"line":50,"column":59}},{"start":{},"end":{}}]},"6":{"loc":{"start":{"line":57,"column":8},"end":{"line":57,"column":53}},"type":"if","locations":[{"start":{"line":57,"column":8},"end":{"line":57,"column":53}},{"start":{},"end":{}}]},"7":{"loc":{"start":{"line":70,"column":8},"end":{"line":70,"column":59}},"type":"if","locations":[{"start":{"line":70,"column":8},"end":{"line":70,"column":59}},{"start":{},"end":{}}]},"8":{"loc":{"start":{"line":71,"column":8},"end":{"line":73,"column":9}},"type":"if","locations":[{"start":{"line":71,"column":8},"end":{"line":73,"column":9}},{"start":{},"end":{}}]},"9":{"loc":{"start":{"line":75,"column":24},"end":{"line":75,"column":51}},"type":"binary-expr","locations":[{"start":{"line":75,"column":24},"end":{"line":75,"column":34}},{"start":{"line":75,"column":38},"end":{"line":75,"column":51}}]},"10":{"loc":{"start":{"line":76,"column":30},"end":{"line":76,"column":69}},"type":"binary-expr","locations":[{"start":{"line":76,"column":30},"end":{"line":76,"column":46}},{"start":{"line":76,"column":50},"end":{"line":76,"column":69}}]},"11":{"loc":{"start":{"line":77,"column":23},"end":{"line":77,"column":48}},"type":"binary-expr","locations":[{"start":{"line":77,"column":23},"end":{"line":77,"column":32}},{"start":{"line":77,"column":36},"end":{"line":77,"column":48}}]},"12":{"loc":{"start":{"line":79,"column":8},"end":{"line":83,"column":9}},"type":"if","locations":[{"start":{"line":79,"column":8},"end":{"line":83,"column":9}},{"start":{},"end":{}}]},"13":{"loc":{"start":{"line":81,"column":12},"end":{"line":81,"column":70}},"type":"if","locations":[{"start":{"line":81,"column":12},"end":{"line":81,"column":70}},{"start":{},"end":{}}]},"14":{"loc":{"start":{"line":89,"column":8},"end":{"line":89,"column":53}},"type":"if","locations":[{"start":{"line":89,"column":8},"end":{"line":89,"column":53}},{"start":{},"end":{}}]}},"s":{"0":2,"1":2,"2":2,"3":2,"4":13,"5":13,"6":1,"7":1,"8":1,"9":1,"10":0,"11":1,"12":1,"13":1,"14":1,"15":1,"16":0,"17":0,"18":1,"19":1,"20":1,"21":3,"22":3,"23":1,"24":2,"25":2,"26":2,"27":2,"28":2,"29":1,"30":1,"31":1,"32":1,"33":6,"34":6,"35":1,"36":5,"37":1,"38":4,"39":4,"40":4,"41":4,"42":3,"43":3,"44":1,"45":2,"46":3,"47":3,"48":3,"49":3,"50":2,"51":1,"52":1,"53":1,"54":2},"f":{"0":13,"1":1,"2":1,"3":1,"4":3,"5":6},"b":{"0":[0,1],"1":[0],"2":[0],"3":[1,0],"4":[0,0],"5":[1,2],"6":[1,1],"7":[1,5],"8":[1,4],"9":[4,3],"10":[4,3],"11":[4,3],"12":[3,1],"13":[1,2],"14":[2,1]}}
,"/Users/LBORDA2/Documents/Proyecto/approval-flow-mngr/src/services/User.service.ts": {"path":"/Users/LBORDA2/Documents/Proyecto/approval-flow-mngr/src/services/User.service.ts","statementMap":{"0":{"start":{"line":1,"column":0},"end":{"line":1,"column":47}},"1":{"start":{"line":2,"column":0},"end":{"line":2,"column":55}},"2":{"start":{"line":5,"column":10},"end":{"line":5,"column":55}},"3":{"start":{"line":8,"column":17},"end":{"line":8,"column":43}},"4":{"start":{"line":9,"column":4},"end":{"line":9,"column":36}},"5":{"start":{"line":13,"column":4},"end":{"line":13,"column":43}},"6":{"start":{"line":17,"column":4},"end":{"line":19,"column":7}},"7":{"start":{"line":23,"column":4},"end":{"line":26,"column":7}},"8":{"start":{"line":4,"column":0},"end":{"line":4,"column":13}}},"fnMap":{"0":{"name":"(anonymous_0)","decl":{"start":{"line":4,"column":0},"end":{"line":4,"column":13}},"loc":{"start":{"line":4,"column":0},"end":{"line":28,"column":1}}},"1":{"name":"(anonymous_1)","decl":{"start":{"line":7,"column":2},"end":{"line":7,"column":7}},"loc":{"start":{"line":7,"column":34},"end":{"line":10,"column":3}}},"2":{"name":"(anonymous_2)","decl":{"start":{"line":12,"column":2},"end":{"line":12,"column":7}},"loc":{"start":{"line":12,"column":27},"end":{"line":14,"column":3}}},"3":{"name":"(anonymous_3)","decl":{"start":{"line":16,"column":2},"end":{"line":16,"column":7}},"loc":{"start":{"line":16,"column":55},"end":{"line":20,"column":3}}},"4":{"name":"(anonymous_4)","decl":{"start":{"line":22,"column":2},"end":{"line":22,"column":7}},"loc":{"start":{"line":22,"column":21},"end":{"line":27,"column":3}}}},"branchMap":{},"s":{"0":2,"1":2,"2":6,"3":1,"4":1,"5":1,"6":2,"7":1,"8":2},"f":{"0":6,"1":1,"2":1,"3":2,"4":1},"b":{}}
}
