TN:
SF:src/data-source.ts
FNF:0
FNH:0
DA:1,3
DA:2,3
DA:3,3
DA:4,3
DA:5,3
DA:7,3
LF:6
LH:6
BRF:0
BRH:0
end_of_record
TN:
SF:src/controllers/Request.controller.ts
FN:7,(anonymous_0)
FN:16,(anonymous_1)
FN:28,(anonymous_2)
FN:34,(anonymous_3)
FN:48,(anonymous_4)
FNF:5
FNH:5
FNDA:2,(anonymous_0)
FNDA:2,(anonymous_1)
FNDA:2,(anonymous_2)
FNDA:2,(anonymous_3)
FNDA:2,(anonymous_4)
DA:2,1
DA:4,1
DA:6,1
DA:8,2
DA:9,2
DA:10,1
DA:12,1
DA:17,2
DA:18,2
DA:19,2
DA:20,2
DA:21,1
DA:23,1
DA:24,1
DA:29,2
DA:30,2
DA:31,1
DA:35,2
DA:36,2
DA:42,1
DA:44,1
DA:49,2
DA:50,2
DA:55,1
DA:57,1
LF:25
LH:25
BRDA:18,0,0,1
BRDA:18,1,0,1
BRDA:30,2,0,1
BRDA:30,2,1,1
BRF:4
BRH:4
end_of_record
TN:
SF:src/controllers/User.controller.ts
FN:7,(anonymous_0)
FN:16,(anonymous_1)
FN:22,(anonymous_2)
FN:39,(anonymous_3)
FNF:4
FNH:4
FNDA:2,(anonymous_0)
FNDA:2,(anonymous_1)
FNDA:3,(anonymous_2)
FNDA:2,(anonymous_3)
DA:2,1
DA:4,1
DA:6,1
DA:8,2
DA:9,2
DA:10,1
DA:12,1
DA:17,2
DA:18,2
DA:19,1
DA:23,3
DA:24,3
DA:25,3
DA:26,2
DA:27,1
DA:29,1
DA:35,1
DA:40,2
DA:41,2
DA:42,1
DA:44,1
LF:21
LH:21
BRDA:18,0,0,1
BRDA:18,0,1,1
BRDA:26,1,0,1
BRDA:26,1,1,1
BRF:4
BRH:4
end_of_record
TN:
SF:src/entity/History.entity.ts
FN:16,(anonymous_2)
FN:23,(anonymous_3)
FN:23,(anonymous_4)
FNF:3
FNH:0
FNDA:0,(anonymous_2)
FNDA:0,(anonymous_3)
FNDA:0,(anonymous_4)
DA:1,5
DA:2,5
DA:3,5
DA:6,5
DA:8,5
DA:11,5
DA:14,5
DA:16,0
DA:18,5
DA:21,5
DA:23,0
DA:25,5
LF:12
LH:10
BRF:0
BRH:0
end_of_record
TN:
SF:src/entity/Request.entity.ts
FN:16,(anonymous_2)
FN:16,(anonymous_3)
FN:19,(anonymous_4)
FN:19,(anonymous_5)
FN:31,(anonymous_6)
FN:31,(anonymous_7)
FNF:6
FNH:0
FNDA:0,(anonymous_2)
FNDA:0,(anonymous_3)
FNDA:0,(anonymous_4)
FNDA:0,(anonymous_5)
FNDA:0,(anonymous_6)
FNDA:0,(anonymous_7)
DA:1,5
DA:2,5
DA:3,5
DA:6,5
DA:8,5
DA:11,5
DA:14,5
DA:16,0
DA:17,5
DA:19,0
DA:20,5
DA:23,5
DA:26,5
DA:29,5
DA:31,0
DA:32,5
LF:16
LH:13
BRF:0
BRH:0
end_of_record
TN:
SF:src/entity/User.entity.ts
FN:4,(anonymous_2)
FN:30,(anonymous_3)
FN:30,(anonymous_4)
FN:33,(anonymous_5)
FN:33,(anonymous_6)
FNF:5
FNH:1
FNDA:5,(anonymous_2)
FNDA:0,(anonymous_3)
FNDA:0,(anonymous_4)
FNDA:0,(anonymous_5)
FNDA:0,(anonymous_6)
DA:1,5
DA:2,5
DA:4,5
DA:5,5
DA:6,5
DA:10,5
DA:12,5
DA:15,5
DA:18,5
DA:25,5
DA:28,5
DA:30,0
DA:31,5
DA:33,0
DA:34,5
LF:15
LH:13
BRDA:4,0,0,5
BRDA:4,0,1,5
BRF:2
BRH:2
end_of_record
TN:
SF:src/repository/history.repository.ts
FN:6,(anonymous_0)
FN:11,(anonymous_1)
FNF:2
FNH:1
FNDA:1,(anonymous_0)
FNDA:0,(anonymous_1)
DA:1,1
DA:2,1
DA:3,1
DA:5,1
DA:7,1
DA:9,1
DA:12,0
LF:7
LH:6
BRF:0
BRH:0
end_of_record
TN:
SF:src/repository/request.repository.ts
FN:6,(anonymous_0)
FN:10,(anonymous_1)
FNF:2
FNH:2
FNDA:8,(anonymous_0)
FNDA:7,(anonymous_1)
DA:1,2
DA:2,2
DA:3,2
DA:5,2
DA:7,8
DA:21,7
DA:23,7
DA:31,7
DA:32,2
DA:38,7
DA:39,2
DA:42,7
DA:43,2
DA:46,7
DA:47,2
DA:50,7
DA:51,2
DA:54,7
LF:18
LH:18
BRDA:31,0,0,2
BRDA:31,0,1,5
BRDA:38,1,0,2
BRDA:38,1,1,5
BRDA:42,2,0,2
BRDA:42,2,1,5
BRDA:46,3,0,2
BRDA:46,3,1,5
BRDA:50,4,0,2
BRDA:50,4,1,5
BRF:10
BRH:10
end_of_record
TN:
SF:src/services/Request.service.ts
FN:7,(anonymous_0)
FN:11,(anonymous_1)
FN:27,(anonymous_2)
FN:41,(anonymous_3)
FN:48,(anonymous_4)
FN:68,(anonymous_5)
FNF:6
FNH:6
FNDA:13,(anonymous_0)
FNDA:1,(anonymous_1)
FNDA:1,(anonymous_2)
FNDA:1,(anonymous_3)
FNDA:3,(anonymous_4)
FNDA:6,(anonymous_5)
DA:1,2
DA:3,2
DA:4,2
DA:5,2
DA:7,2
DA:8,13
DA:9,13
DA:12,1
DA:13,1
DA:14,1
DA:16,1
DA:17,1
DA:23,1
DA:24,1
DA:28,1
DA:29,0
DA:30,1
DA:32,1
DA:42,1
DA:49,3
DA:50,3
DA:51,2
DA:53,2
DA:54,2
DA:55,2
DA:57,2
DA:58,1
DA:64,1
DA:65,1
DA:69,6
DA:70,6
DA:71,5
DA:72,1
DA:75,4
DA:76,4
DA:77,4
DA:79,4
DA:80,3
DA:81,3
DA:82,2
DA:85,3
DA:86,3
DA:88,3
DA:89,3
DA:90,1
DA:95,1
DA:96,1
LF:47
LH:46
BRDA:16,0,0,0
BRDA:16,0,1,1
BRDA:27,1,0,0
BRDA:27,2,0,0
BRDA:28,3,0,1
BRDA:28,3,1,0
BRDA:29,4,0,0
BRDA:29,4,1,0
BRDA:50,5,0,1
BRDA:50,5,1,2
BRDA:57,6,0,1
BRDA:57,6,1,1
BRDA:70,7,0,1
BRDA:70,7,1,5
BRDA:71,8,0,1
BRDA:71,8,1,4
BRDA:75,9,0,4
BRDA:75,9,1,3
BRDA:76,10,0,4
BRDA:76,10,1,3
BRDA:77,11,0,4
BRDA:77,11,1,3
BRDA:79,12,0,3
BRDA:79,12,1,1
BRDA:81,13,0,1
BRDA:81,13,1,2
BRDA:89,14,0,2
BRDA:89,14,1,1
BRF:28
BRH:22
end_of_record
TN:
SF:src/services/User.service.ts
FN:4,(anonymous_0)
FN:7,(anonymous_1)
FN:12,(anonymous_2)
FN:16,(anonymous_3)
FN:22,(anonymous_4)
FNF:5
FNH:5
FNDA:6,(anonymous_0)
FNDA:1,(anonymous_1)
FNDA:1,(anonymous_2)
FNDA:2,(anonymous_3)
FNDA:1,(anonymous_4)
DA:1,2
DA:2,2
DA:4,2
DA:5,6
DA:8,1
DA:9,1
DA:13,1
DA:17,2
DA:23,1
LF:9
LH:9
BRF:0
BRH:0
end_of_record
